
ROM used:   1074/8192 (13%)
            1074/8192 (13%) including unused fragments

            0.9 Average locations per line
            10.3 Average locations per statement

RAM used:   13/368 (4%) at main() level
            39/368 (11%) worst case

Stack used: 0 worst case (0 in main + 0 for interrupts)
Stack size: 8

Lines Stmts  %   Files
----- ----- ---  -----
   41    20  19  main.c
   10     0   0  main.h
  629     0   0  ..\..\..\..\..\Program Files (x86)\PICC\Devices\16F877.h
  456    84  81  ..\..\..\..\..\Program Files (x86)\PICC\Drivers\lcd.c
----- -----
 1136   104 Total

Page ROM  %  RAM   Vol Diff  Functions:
---- --- --- ---   --- ----  ----------
0     21   2    1             @delay_ms1
0      8   1    0             @const622
 Inline         3   596  5.9  lcd_read_byte
0      6   1    0    59  4.2  lcd_read_nibble
0     12   1    1   179  3.3  lcd_send_nibble
0     64   6    3   460  4.7  lcd_send_byte
0     51   5    2   667  5.9  lcd_init
0     18   2    4   208  6.3  lcd_gotoxy
0     44   4    1   354  4.7  lcd_putc
0    166  15    0   577  3.2  MAIN
0      6   1    0             @const659
0     84   8    5             @PSTRINGCN7_640
0    130  12    9             @PRINTF_LD_640
0     31   3    2             @ITOF
0    117  11   13             @MULFF
0      7   1    0             @const669
 Inline         5             @FTOSD
0     79   7   13             @DIV3232
0    226  21   13             @PRINTF_L32D_640FPFPF
 Inline         0             @cinit1

Program metrics:
    Functions               8
    Statements              104
    Comments                203
    Volume (V)              4728
    Difficulty (D)          35.3
    Effort to implement (E) 166824
    Time to implement (T)   2 hours, 34 minutes
    Est Delivered Bugs (B)  1
    Cyclomatic Complexity   8
    Maintainability (MI)    146

 Segment     Used  Free
-----------  ----  ----
00000-00003     4  0  
00004-007FF  1070  974  
00800-00FFF     0  2048  
01000-017FF     0  2048  
01800-01FFF     0  2048  



